<?xml version="1.0" encoding="UTF-8"?>
<!-- Generated by org.testng.reporters.JUnitReportReporter -->
<testsuite hostname="ASUS-Laptop" failures="0" tests="1" name="com.inetbanking.testCases.TC_LoginTest_001" time="4.959" errors="0" timestamp="2023-08-28T16:50:02 CEST" skipped="0">
  <testcase classname="com.inetbanking.testCases.TC_LoginTest_001" name="loginTest" time="4.959"/>
</testsuite> <!-- com.inetbanking.testCases.TC_LoginTest_001 -->
